<?xml version="1.0" encoding="UTF-8"?>
<!-- Generated by org.testng.reporters.JUnitXMLReporter -->
<testsuite hostname="IP-C6134807" ignored="0" name="login validation-successful login" tests="2" failures="0" timestamp="02 Aug 2019 12:33:17 GMT" time="39.872" errors="0">
  <testcase name="preparePageObjects" time="0.019" classname="com.nectar.ambrosia.tests.LoginScreen"/>
  <testcase name="loginIntoApplication" time="34.733" classname="com.nectar.ambrosia.tests.LoginScreen"/>
</testsuite> <!-- login validation-successful login -->
